<?xml version="1.0" encoding="UTF-8"?>
<testng-results ignored="0" total="1" passed="1" failed="0" skipped="0">
  <reporter-output>
  </reporter-output>
  <suite started-at="2025-11-08T19:54:49 IST" name="eBankingProjectV1" finished-at="2025-11-08T19:55:46 IST" duration-ms="56778">
    <groups>
    </groups>
    <test started-at="2025-11-08T19:54:49 IST" name="BankingApp Test" finished-at="2025-11-08T19:55:46 IST" duration-ms="56778">
      <class name="com.eBankingProject.testCases.TC_AddCustomerTest_003">
        <test-method is-config="true" signature="setup(java.lang.String)[pri:0, instance:com.eBankingProject.testCases.TC_AddCustomerTest_003@4b8d604b]" started-at="2025-11-08T19:54:50 IST" name="setup" finished-at="2025-11-08T19:55:30 IST" duration-ms="39809" status="PASS">
          <params>
            <param index="0">
              <value>
                <![CDATA[msedge]]>
              </value>
            </param>
          </params>
          <reporter-output>
          </reporter-output>
        </test-method> <!-- setup -->
        <test-method signature="AddCustomer()[pri:0, instance:com.eBankingProject.testCases.TC_AddCustomerTest_003@4b8d604b]" started-at="2025-11-08T19:55:30 IST" name="AddCustomer" finished-at="2025-11-08T19:55:44 IST" duration-ms="14871" status="PASS">
          <reporter-output>
          </reporter-output>
        </test-method> <!-- AddCustomer -->
        <test-method is-config="true" signature="tearDown()[pri:0, instance:com.eBankingProject.testCases.TC_AddCustomerTest_003@4b8d604b]" started-at="2025-11-08T19:55:45 IST" name="tearDown" finished-at="2025-11-08T19:55:46 IST" duration-ms="1147" status="PASS">
          <reporter-output>
          </reporter-output>
        </test-method> <!-- tearDown -->
      </class> <!-- com.eBankingProject.testCases.TC_AddCustomerTest_003 -->
    </test> <!-- BankingApp Test -->
  </suite> <!-- eBankingProjectV1 -->
</testng-results>
