<?xml version="1.0" encoding="UTF-8"?>
<!-- Generated by org.testng.reporters.JUnitXMLReporter -->
<testsuite ignored="0" hostname="DESKTOP-LV5ATLK" failures="1" tests="1" name="BankingApp Test(failed)" time="20.751" errors="0" timestamp="2025-11-06T22:58:46 IST">
  <testcase classname="com.eBankingProject.testCases.TC_AddCustomerTest_003" name="AddCustomer" time="13.289">
    <failure type="java.lang.AssertionError" message="expected [true] but found [false]">
      <![CDATA[java.lang.AssertionError: expected [true] but found [false]
at com.eBankingProject.testCases.TC_AddCustomerTest_003.AddCustomer(TC_AddCustomerTest_003.java:50)
at java.base/java.util.ArrayList.forEach(ArrayList.java:1541)
... Removed 31 stack frames]]>
    </failure>
  </testcase> <!-- AddCustomer -->
</testsuite> <!-- BankingApp Test(failed) -->
